ERROR - 2026-05-19 06:32:20 --> table ressources has no column named capacity
in SYSTEMPATH/Database/SQLite3/Connection.php on line 163.
 1 SYSTEMPATH/Database/SQLite3/Connection.php(163): SQLite3->exec()
 2 SYSTEMPATH/Database/BaseConnection.php(910): CodeIgniter\Database\SQLite3\Connection->execute()
 3 SYSTEMPATH/Database/BaseConnection.php(827): CodeIgniter\Database\BaseConnection->simpleQuery()
 4 SYSTEMPATH/Database/BaseBuilder.php(1841): CodeIgniter\Database\BaseConnection->query()
 5 SYSTEMPATH/Database/BaseBuilder.php(2230): CodeIgniter\Database\BaseBuilder->batchExecute()
 6 APPPATH/Database/Seeds/RessourceSeeder.php(39): CodeIgniter\Database\BaseBuilder->insertBatch()
 7 SYSTEMPATH/Database/Seeder.php(155): App\Database\Seeds\RessourceSeeder->run()
 8 APPPATH/Database/Seeds/DatabaseSeeder.php(12): CodeIgniter\Database\Seeder->call()
 9 SYSTEMPATH/Database/Seeder.php(155): App\Database\Seeds\DatabaseSeeder->run()
10 SYSTEMPATH/Commands/Database/Seed.php(79): CodeIgniter\Database\Seeder->call()
11 SYSTEMPATH/CLI/Commands.php(74): CodeIgniter\Commands\Database\Seed->run()
12 SYSTEMPATH/CLI/Console.php(47): CodeIgniter\CLI\Commands->run()
13 SYSTEMPATH/Boot.php(442): CodeIgniter\CLI\Console->run()
14 SYSTEMPATH/Boot.php(166): CodeIgniter\Boot::runCommand()
15 ROOTPATH/spark(87): CodeIgniter\Boot::bootSpark()
ERROR - 2026-05-19 06:42:24 --> UNIQUE constraint failed: users.email
in SYSTEMPATH/Database/SQLite3/Connection.php on line 163.
 1 SYSTEMPATH/Database/SQLite3/Connection.php(163): SQLite3->exec()
 2 SYSTEMPATH/Database/BaseConnection.php(910): CodeIgniter\Database\SQLite3\Connection->execute()
 3 SYSTEMPATH/Database/BaseConnection.php(827): CodeIgniter\Database\BaseConnection->simpleQuery()
 4 SYSTEMPATH/Database/BaseBuilder.php(1841): CodeIgniter\Database\BaseConnection->query()
 5 SYSTEMPATH/Database/BaseBuilder.php(2230): CodeIgniter\Database\BaseBuilder->batchExecute()
 6 APPPATH/Database/Seeds/UserSeeder.php(28): CodeIgniter\Database\BaseBuilder->insertBatch()
 7 SYSTEMPATH/Database/Seeder.php(155): App\Database\Seeds\UserSeeder->run()
 8 APPPATH/Database/Seeds/DatabaseSeeder.php(11): CodeIgniter\Database\Seeder->call()
 9 SYSTEMPATH/Database/Seeder.php(155): App\Database\Seeds\DatabaseSeeder->run()
10 SYSTEMPATH/Commands/Database/Seed.php(79): CodeIgniter\Database\Seeder->call()
11 SYSTEMPATH/CLI/Commands.php(74): CodeIgniter\Commands\Database\Seed->run()
12 SYSTEMPATH/CLI/Console.php(47): CodeIgniter\CLI\Commands->run()
13 SYSTEMPATH/Boot.php(442): CodeIgniter\CLI\Console->run()
14 SYSTEMPATH/Boot.php(166): CodeIgniter\Boot::runCommand()
15 ROOTPATH/spark(87): CodeIgniter\Boot::bootSpark()
ERROR - 2026-05-19 06:44:32 --> no such table: reservation
in SYSTEMPATH/Database/SQLite3/Connection.php on line 163.
 1 SYSTEMPATH/Database/SQLite3/Connection.php(163): SQLite3->exec()
 2 SYSTEMPATH/Database/BaseConnection.php(910): CodeIgniter\Database\SQLite3\Connection->execute()
 3 SYSTEMPATH/Database/BaseConnection.php(827): CodeIgniter\Database\BaseConnection->simpleQuery()
 4 SYSTEMPATH/Database/Forge.php(663): CodeIgniter\Database\BaseConnection->query()
 5 APPPATH/Database/Migrations/2026-05-12_000004_Create_reservations.php(26): CodeIgniter\Database\Forge->dropTable()
 6 SYSTEMPATH/Database/MigrationRunner.php(1014): App\Database\Migrations\CreateReservation->down()
 7 SYSTEMPATH/Database/MigrationRunner.php(323): CodeIgniter\Database\MigrationRunner->migrate()
 8 SYSTEMPATH/Commands/Database/MigrateRollback.php(105): CodeIgniter\Database\MigrationRunner->regress()
 9 SYSTEMPATH/CLI/SignalTrait.php(245): CodeIgniter\Commands\Database\MigrateRollback::CodeIgniter\Commands\Database\{closure}()
10 SYSTEMPATH/Commands/Database/MigrateRollback.php(104): CodeIgniter\Commands\Database\MigrateRollback->withSignalsBlocked()
11 SYSTEMPATH/CLI/Commands.php(74): CodeIgniter\Commands\Database\MigrateRollback->run()
12 SYSTEMPATH/CLI/BaseCommand.php(119): CodeIgniter\CLI\Commands->run()
13 SYSTEMPATH/Commands/Database/MigrateRefresh.php(90): CodeIgniter\CLI\BaseCommand->call()
14 SYSTEMPATH/CLI/SignalTrait.php(245): CodeIgniter\Commands\Database\MigrateRefresh->CodeIgniter\Commands\Database\{closure}()
15 SYSTEMPATH/Commands/Database/MigrateRefresh.php(89): CodeIgniter\Commands\Database\MigrateRefresh->withSignalsBlocked()
16 SYSTEMPATH/CLI/Commands.php(74): CodeIgniter\Commands\Database\MigrateRefresh->run()
17 SYSTEMPATH/CLI/Console.php(47): CodeIgniter\CLI\Commands->run()
18 SYSTEMPATH/Boot.php(442): CodeIgniter\CLI\Console->run()
19 SYSTEMPATH/Boot.php(166): CodeIgniter\Boot::runCommand()
20 ROOTPATH/spark(87): CodeIgniter\Boot::bootSpark()
ERROR - 2026-05-19 06:44:32 --> UNIQUE constraint failed: users.email
in SYSTEMPATH/Database/SQLite3/Connection.php on line 163.
 1 SYSTEMPATH/Database/SQLite3/Connection.php(163): SQLite3->exec()
 2 SYSTEMPATH/Database/BaseConnection.php(910): CodeIgniter\Database\SQLite3\Connection->execute()
 3 SYSTEMPATH/Database/BaseConnection.php(827): CodeIgniter\Database\BaseConnection->simpleQuery()
 4 SYSTEMPATH/Database/BaseBuilder.php(1841): CodeIgniter\Database\BaseConnection->query()
 5 SYSTEMPATH/Database/BaseBuilder.php(2230): CodeIgniter\Database\BaseBuilder->batchExecute()
 6 APPPATH/Database/Seeds/UserSeeder.php(28): CodeIgniter\Database\BaseBuilder->insertBatch()
 7 SYSTEMPATH/Database/Seeder.php(155): App\Database\Seeds\UserSeeder->run()
 8 APPPATH/Database/Seeds/DatabaseSeeder.php(11): CodeIgniter\Database\Seeder->call()
 9 SYSTEMPATH/Database/Seeder.php(155): App\Database\Seeds\DatabaseSeeder->run()
10 SYSTEMPATH/Commands/Database/Seed.php(79): CodeIgniter\Database\Seeder->call()
11 SYSTEMPATH/CLI/Commands.php(74): CodeIgniter\Commands\Database\Seed->run()
12 SYSTEMPATH/CLI/Console.php(47): CodeIgniter\CLI\Commands->run()
13 SYSTEMPATH/Boot.php(442): CodeIgniter\CLI\Console->run()
14 SYSTEMPATH/Boot.php(166): CodeIgniter\Boot::runCommand()
15 ROOTPATH/spark(87): CodeIgniter\Boot::bootSpark()
ERROR - 2026-05-19 06:54:59 --> no such table: reservation
in SYSTEMPATH/Database/SQLite3/Connection.php on line 163.
 1 SYSTEMPATH/Database/SQLite3/Connection.php(163): SQLite3->exec()
 2 SYSTEMPATH/Database/BaseConnection.php(910): CodeIgniter\Database\SQLite3\Connection->execute()
 3 SYSTEMPATH/Database/BaseConnection.php(827): CodeIgniter\Database\BaseConnection->simpleQuery()
 4 SYSTEMPATH/Database/Forge.php(663): CodeIgniter\Database\BaseConnection->query()
 5 APPPATH/Database/Migrations/2026-05-12_000004_Create_reservations.php(26): CodeIgniter\Database\Forge->dropTable()
 6 SYSTEMPATH/Database/MigrationRunner.php(1014): App\Database\Migrations\CreateReservation->down()
 7 SYSTEMPATH/Database/MigrationRunner.php(323): CodeIgniter\Database\MigrationRunner->migrate()
 8 SYSTEMPATH/Commands/Database/MigrateRollback.php(105): CodeIgniter\Database\MigrationRunner->regress()
 9 SYSTEMPATH/CLI/SignalTrait.php(245): CodeIgniter\Commands\Database\MigrateRollback::CodeIgniter\Commands\Database\{closure}()
10 SYSTEMPATH/Commands/Database/MigrateRollback.php(104): CodeIgniter\Commands\Database\MigrateRollback->withSignalsBlocked()
11 SYSTEMPATH/CLI/Commands.php(74): CodeIgniter\Commands\Database\MigrateRollback->run()
12 SYSTEMPATH/CLI/BaseCommand.php(119): CodeIgniter\CLI\Commands->run()
13 SYSTEMPATH/Commands/Database/MigrateRefresh.php(90): CodeIgniter\CLI\BaseCommand->call()
14 SYSTEMPATH/CLI/SignalTrait.php(245): CodeIgniter\Commands\Database\MigrateRefresh->CodeIgniter\Commands\Database\{closure}()
15 SYSTEMPATH/Commands/Database/MigrateRefresh.php(89): CodeIgniter\Commands\Database\MigrateRefresh->withSignalsBlocked()
16 SYSTEMPATH/CLI/Commands.php(74): CodeIgniter\Commands\Database\MigrateRefresh->run()
17 SYSTEMPATH/CLI/Console.php(47): CodeIgniter\CLI\Commands->run()
18 SYSTEMPATH/Boot.php(442): CodeIgniter\CLI\Console->run()
19 SYSTEMPATH/Boot.php(166): CodeIgniter\Boot::runCommand()
20 ROOTPATH/spark(87): CodeIgniter\Boot::bootSpark()
ERROR - 2026-05-19 06:57:26 --> table ressources has no column named name
in SYSTEMPATH/Database/SQLite3/Connection.php on line 163.
 1 SYSTEMPATH/Database/SQLite3/Connection.php(163): SQLite3->exec()
 2 SYSTEMPATH/Database/BaseConnection.php(910): CodeIgniter\Database\SQLite3\Connection->execute()
 3 SYSTEMPATH/Database/BaseConnection.php(827): CodeIgniter\Database\BaseConnection->simpleQuery()
 4 SYSTEMPATH/Database/BaseBuilder.php(1841): CodeIgniter\Database\BaseConnection->query()
 5 SYSTEMPATH/Database/BaseBuilder.php(2230): CodeIgniter\Database\BaseBuilder->batchExecute()
 6 APPPATH/Database/Seeds/RessourceSeeder.php(44): CodeIgniter\Database\BaseBuilder->insertBatch()
 7 SYSTEMPATH/Database/Seeder.php(155): App\Database\Seeds\RessourceSeeder->run()
 8 APPPATH/Database/Seeds/DatabaseSeeder.php(12): CodeIgniter\Database\Seeder->call()
 9 SYSTEMPATH/Database/Seeder.php(155): App\Database\Seeds\DatabaseSeeder->run()
10 SYSTEMPATH/Commands/Database/Seed.php(79): CodeIgniter\Database\Seeder->call()
11 SYSTEMPATH/CLI/Commands.php(74): CodeIgniter\Commands\Database\Seed->run()
12 SYSTEMPATH/CLI/Console.php(47): CodeIgniter\CLI\Commands->run()
13 SYSTEMPATH/Boot.php(442): CodeIgniter\CLI\Console->run()
14 SYSTEMPATH/Boot.php(166): CodeIgniter\Boot::runCommand()
15 ROOTPATH/spark(87): CodeIgniter\Boot::bootSpark()
ERROR - 2026-05-19 07:01:13 --> table ressources has no column named name
in SYSTEMPATH/Database/SQLite3/Connection.php on line 163.
 1 SYSTEMPATH/Database/SQLite3/Connection.php(163): SQLite3->exec()
 2 SYSTEMPATH/Database/BaseConnection.php(910): CodeIgniter\Database\SQLite3\Connection->execute()
 3 SYSTEMPATH/Database/BaseConnection.php(827): CodeIgniter\Database\BaseConnection->simpleQuery()
 4 SYSTEMPATH/Database/BaseBuilder.php(1841): CodeIgniter\Database\BaseConnection->query()
 5 SYSTEMPATH/Database/BaseBuilder.php(2230): CodeIgniter\Database\BaseBuilder->batchExecute()
 6 APPPATH/Database/Seeds/RessourceSeeder.php(44): CodeIgniter\Database\BaseBuilder->insertBatch()
 7 SYSTEMPATH/Database/Seeder.php(155): App\Database\Seeds\RessourceSeeder->run()
 8 APPPATH/Database/Seeds/DatabaseSeeder.php(12): CodeIgniter\Database\Seeder->call()
 9 SYSTEMPATH/Database/Seeder.php(155): App\Database\Seeds\DatabaseSeeder->run()
10 SYSTEMPATH/Commands/Database/Seed.php(79): CodeIgniter\Database\Seeder->call()
11 SYSTEMPATH/CLI/Commands.php(74): CodeIgniter\Commands\Database\Seed->run()
12 SYSTEMPATH/CLI/Console.php(47): CodeIgniter\CLI\Commands->run()
13 SYSTEMPATH/Boot.php(442): CodeIgniter\CLI\Console->run()
14 SYSTEMPATH/Boot.php(166): CodeIgniter\Boot::runCommand()
15 ROOTPATH/spark(87): CodeIgniter\Boot::bootSpark()
ERROR - 2026-05-19 07:18:03 --> table creneaux has no column named resource_id
in SYSTEMPATH/Database/SQLite3/Connection.php on line 163.
 1 SYSTEMPATH/Database/SQLite3/Connection.php(163): SQLite3->exec()
 2 SYSTEMPATH/Database/BaseConnection.php(910): CodeIgniter\Database\SQLite3\Connection->execute()
 3 SYSTEMPATH/Database/BaseConnection.php(827): CodeIgniter\Database\BaseConnection->simpleQuery()
 4 SYSTEMPATH/Database/BaseBuilder.php(1841): CodeIgniter\Database\BaseConnection->query()
 5 SYSTEMPATH/Database/BaseBuilder.php(2230): CodeIgniter\Database\BaseBuilder->batchExecute()
 6 APPPATH/Database/Seeds/CreneauSeeder.php(63): CodeIgniter\Database\BaseBuilder->insertBatch()
 7 SYSTEMPATH/Database/Seeder.php(155): App\Database\Seeds\CreneauSeeder->run()
 8 APPPATH/Database/Seeds/DatabaseSeeder.php(13): CodeIgniter\Database\Seeder->call()
 9 SYSTEMPATH/Database/Seeder.php(155): App\Database\Seeds\DatabaseSeeder->run()
10 SYSTEMPATH/Commands/Database/Seed.php(79): CodeIgniter\Database\Seeder->call()
11 SYSTEMPATH/CLI/Commands.php(74): CodeIgniter\Commands\Database\Seed->run()
12 SYSTEMPATH/CLI/Console.php(47): CodeIgniter\CLI\Commands->run()
13 SYSTEMPATH/Boot.php(442): CodeIgniter\CLI\Console->run()
14 SYSTEMPATH/Boot.php(166): CodeIgniter\Boot::runCommand()
15 ROOTPATH/spark(87): CodeIgniter\Boot::bootSpark()
ERROR - 2026-05-19 07:19:35 --> table reservations has no column named creneaux_id
in SYSTEMPATH/Database/SQLite3/Connection.php on line 163.
 1 SYSTEMPATH/Database/SQLite3/Connection.php(163): SQLite3->exec()
 2 SYSTEMPATH/Database/BaseConnection.php(910): CodeIgniter\Database\SQLite3\Connection->execute()
 3 SYSTEMPATH/Database/BaseConnection.php(827): CodeIgniter\Database\BaseConnection->simpleQuery()
 4 SYSTEMPATH/Database/BaseBuilder.php(1841): CodeIgniter\Database\BaseConnection->query()
 5 SYSTEMPATH/Database/BaseBuilder.php(2230): CodeIgniter\Database\BaseBuilder->batchExecute()
 6 APPPATH/Database/Seeds/ReservationSeeder.php(39): CodeIgniter\Database\BaseBuilder->insertBatch()
 7 SYSTEMPATH/Database/Seeder.php(155): App\Database\Seeds\ReservationSeeder->run()
 8 APPPATH/Database/Seeds/DatabaseSeeder.php(14): CodeIgniter\Database\Seeder->call()
 9 SYSTEMPATH/Database/Seeder.php(155): App\Database\Seeds\DatabaseSeeder->run()
10 SYSTEMPATH/Commands/Database/Seed.php(79): CodeIgniter\Database\Seeder->call()
11 SYSTEMPATH/CLI/Commands.php(74): CodeIgniter\Commands\Database\Seed->run()
12 SYSTEMPATH/CLI/Console.php(47): CodeIgniter\CLI\Commands->run()
13 SYSTEMPATH/Boot.php(442): CodeIgniter\CLI\Console->run()
14 SYSTEMPATH/Boot.php(166): CodeIgniter\Boot::runCommand()
15 ROOTPATH/spark(87): CodeIgniter\Boot::bootSpark()
